<?xml version="1.0" encoding="UTF-8"?>
<testsuite name="com.phylo.platform.controller.AnalysisTaskControllerTest" tests="4" skipped="0" failures="0" errors="0" timestamp="2026-07-25T01:38:24.973Z" hostname="LAPTOP-II2F9SP5" time="0.175">
  <properties/>
  <testcase name="create_unknownOrganism_returns501()" classname="com.phylo.platform.controller.AnalysisTaskControllerTest" time="0.147"/>
  <testcase name="get_notFound_returns404()" classname="com.phylo.platform.controller.AnalysisTaskControllerTest" time="0.007"/>
  <testcase name="create_success_returnsOk()" classname="com.phylo.platform.controller.AnalysisTaskControllerTest" time="0.012"/>
  <testcase name="create_emptyFasta_returns400()" classname="com.phylo.platform.controller.AnalysisTaskControllerTest" time="0.005"/>
  <system-out><![CDATA[09:38:23.258 [Test worker] INFO org.springframework.test.context.support.AnnotationConfigContextLoaderUtils -- Could not detect default configuration classes for test class [com.phylo.platform.controller.AnalysisTaskControllerTest]: AnalysisTaskControllerTest does not declare any static, non-private, non-final, nested classes annotated with @Configuration.
09:38:23.377 [Test worker] INFO org.springframework.boot.test.context.SpringBootTestContextBootstrapper -- Found @SpringBootConfiguration com.phylo.platform.PhyloPlatformApplication for test class com.phylo.platform.controller.AnalysisTaskControllerTest

  .   ____          _            __ _ _
 /\\ / ___'_ __ _ _(_)_ __  __ _ \ \ \ \
( ( )\___ | '_ | '_| | '_ \/ _` | \ \ \ \
 \\/  ___)| |_)| | | | | || (_| |  ) ) ) )
  '  |____| .__|_| |_|_| |_\__, | / / / /
 =========|_|==============|___/=/_/_/_/

 :: Spring Boot ::                (v3.4.5)

2026-07-25T09:38:23.644+08:00  INFO 34152 --- [phylo-platform] [    Test worker] c.p.p.c.AnalysisTaskControllerTest       : Starting AnalysisTaskControllerTest using Java 21.0.6 with PID 34152 (started by Windows11 in D:\Projects\phylo-platform\backend)
2026-07-25T09:38:23.645+08:00  INFO 34152 --- [phylo-platform] [    Test worker] c.p.p.c.AnalysisTaskControllerTest       : No active profile set, falling back to 1 default profile: "default"
2026-07-25T09:38:24.924+08:00  INFO 34152 --- [phylo-platform] [    Test worker] o.s.b.t.m.w.SpringBootMockServletContext : Initializing Spring TestDispatcherServlet ''
2026-07-25T09:38:24.925+08:00  INFO 34152 --- [phylo-platform] [    Test worker] o.s.t.web.servlet.TestDispatcherServlet  : Initializing Servlet ''
2026-07-25T09:38:24.927+08:00  INFO 34152 --- [phylo-platform] [    Test worker] o.s.t.web.servlet.TestDispatcherServlet  : Completed initialization in 1 ms
2026-07-25T09:38:24.963+08:00  INFO 34152 --- [phylo-platform] [    Test worker] c.p.p.c.AnalysisTaskControllerTest       : Started AnalysisTaskControllerTest in 1.541 seconds (process running for 28.143)
]]></system-out>
  <system-err><![CDATA[Mockito is currently self-attaching to enable the inline-mock-maker. This will no longer work in future releases of the JDK. Please add Mockito as an agent to your build what is described in Mockito's documentation: https://javadoc.io/doc/org.mockito/mockito-core/latest/org/mockito/Mockito.html#0.3
WARNING: A Java agent has been loaded dynamically (C:\Users\Windows11\AppData\Local\Temp\cursor-sandbox-cache\d46fda41adec3327cfe22412c1dace8b\gradle\caches\modules-2\files-2.1\net.bytebuddy\byte-buddy-agent\1.15.11\a38b16385e867f59a641330f0362ebe742788ed8\byte-buddy-agent-1.15.11.jar)
WARNING: If a serviceability tool is in use, please run with -XX:+EnableDynamicAgentLoading to hide this warning
WARNING: If a serviceability tool is not in use, please run with -Djdk.instrument.traceUsage for more information
WARNING: Dynamic loading of agents will be disallowed by default in a future release
]]></system-err>
</testsuite>
